<?xml version="1.0" encoding="UTF-8"?>
<!-- Generated by org.testng.reporters.JUnitReportReporter -->
<testsuite hostname="badabeeddccbfbaebffbbdcdfcbaddfdffcedbecadf-0" failures="0" tests="3" name="testcases.Testcase1" time="68.786" errors="0" timestamp="2023-08-23T13:07:15 UTC" skipped="0">
  <testcase classname="testcases.Testcase1" name="Tc001" time="27.058"/>
  <testcase classname="testcases.Testcase1" name="Tc002" time="21.931"/>
  <testcase classname="testcases.Testcase1" name="Tc003" time="19.797"/>
</testsuite> <!-- testcases.Testcase1 -->
