<?xml version="1.0" encoding="UTF-8"?>
<!-- Generated by org.testng.reporters.JUnitReportReporter -->
<testsuite hostname="badabeeddccbfbaebffbbdcdfcbaddfdffcedbecadf-0" failures="0" tests="3" name="testcases.Testcase1" time="67.082" errors="0" timestamp="2023-08-24T11:39:09 UTC" skipped="0">
  <testcase classname="testcases.Testcase1" name="Tc001" time="30.192"/>
  <testcase classname="testcases.Testcase1" name="Tc002" time="18.365"/>
  <testcase classname="testcases.Testcase1" name="Tc003" time="18.525"/>
</testsuite> <!-- testcases.Testcase1 -->
