<?xml version="1.0" encoding="UTF-8"?>
<!-- Generated by org.testng.reporters.JUnitReportReporter -->
<testsuite hostname="badabeeddccbfbaebffbbdcdfcbaddfdffcedbecadf-0" failures="0" tests="3" name="testcases.Testcase1" time="70.206" errors="0" timestamp="2023-08-23T13:18:58 UTC" skipped="0">
  <testcase classname="testcases.Testcase1" name="Tc001" time="27.451"/>
  <testcase classname="testcases.Testcase1" name="Tc002" time="22.776"/>
  <testcase classname="testcases.Testcase1" name="Tc003" time="19.979"/>
</testsuite> <!-- testcases.Testcase1 -->
