<?xml version="1.0" encoding="UTF-8"?>
<!-- Generated by org.testng.reporters.JUnitReportReporter -->
<testsuite hostname="badabeeddccbfbaebffbbdcdfcbaddfdffcedbecadf-0" failures="0" tests="3" name="testcases.Testcase1" time="57.248" errors="0" timestamp="2023-08-23T13:28:41 UTC" skipped="0">
  <testcase classname="testcases.Testcase1" name="Tc001" time="28.173"/>
  <testcase classname="testcases.Testcase1" name="Tc002" time="12.812"/>
  <testcase classname="testcases.Testcase1" name="Tc003" time="16.263"/>
</testsuite> <!-- testcases.Testcase1 -->
