<?xml version="1.0" encoding="UTF-8"?>
<!-- Generated by org.testng.reporters.JUnitReportReporter -->
<testsuite hostname="badabeeddccbfbaebffbbdcdfcbaddfdffcedbecadf-0" failures="0" tests="3" name="testcases.Testcase1" time="60.727" errors="0" timestamp="2023-08-23T13:25:27 UTC" skipped="0">
  <testcase classname="testcases.Testcase1" name="Tc001" time="24.522"/>
  <testcase classname="testcases.Testcase1" name="Tc002" time="17.828"/>
  <testcase classname="testcases.Testcase1" name="Tc003" time="18.377"/>
</testsuite> <!-- testcases.Testcase1 -->
