<?xml version="1.0" encoding="UTF-8"?>
<!-- Generated by org.testng.reporters.JUnitReportReporter -->
<testsuite hostname="seleniuminstance2-0" failures="0" tests="3" name="testcases.Testcase1" time="52.842" errors="0" timestamp="2023-08-21T09:58:03 UTC" skipped="0">
  <testcase classname="testcases.Testcase1" name="Tc001" time="19.567"/>
  <testcase classname="testcases.Testcase1" name="Tc002" time="14.632"/>
  <testcase classname="testcases.Testcase1" name="Tc003" time="18.643"/>
</testsuite> <!-- testcases.Testcase1 -->
